Apr 06, 2025 12:37:43 PM com.seneca.apd.finalproject.hotelreservation.Controller.DashboardController switchScreen
INFO: Admin navigated to: Book Room
Apr 06, 2025 12:39:37 PM com.seneca.apd.finalproject.hotelreservation.Controller.DashboardController switchScreen
INFO: Admin navigated to: Search Guest
Apr 06, 2025 12:40:13 PM com.seneca.apd.finalproject.hotelreservation.Controller.DashboardController switchScreen
INFO: Admin navigated to: Check Out Guest
Apr 06, 2025 12:41:07 PM com.seneca.apd.finalproject.hotelreservation.Controller.DashboardController switchScreen
INFO: Admin navigated to: Search Guest
Apr 06, 2025 12:41:41 PM com.seneca.apd.finalproject.hotelreservation.Controller.DashboardController switchScreen
INFO: Admin navigated to: Available Rooms
Apr 06, 2025 12:45:00 PM com.seneca.apd.finalproject.hotelreservation.Controller.DashboardController switchScreen
INFO: Admin navigated to: Book Room
Apr 06, 2025 1:17:59 PM com.seneca.apd.finalproject.hotelreservation.Controller.DashboardController switchScreen
INFO: Admin navigated to: Check Out Guest
Apr 06, 2025 1:18:30 PM com.seneca.apd.finalproject.hotelreservation.Controller.DashboardController switchScreen
INFO: Admin navigated to: Cancel Booking
Apr 07, 2025 12:52:38 PM com.seneca.apd.finalproject.hotelreservation.Controller.DashboardController switchScreen
INFO: Admin navigated to: Cancel Booking
Apr 07, 2025 12:53:00 PM com.seneca.apd.finalproject.hotelreservation.Controller.DashboardController switchScreen
INFO: Admin navigated to: Book Room
Apr 07, 2025 12:53:16 PM com.seneca.apd.finalproject.hotelreservation.Controller.DashboardController switchScreen
INFO: Admin navigated to: Book Room
Apr 07, 2025 12:54:22 PM com.seneca.apd.finalproject.hotelreservation.Controller.DashboardController switchScreen
INFO: Admin navigated to: Book Room
Apr 07, 2025 12:57:29 PM com.seneca.apd.finalproject.hotelreservation.Controller.DashboardController switchScreen
INFO: Admin navigated to: Book Room
Apr 07, 2025 12:59:18 PM com.seneca.apd.finalproject.hotelreservation.Controller.DashboardController switchScreen
INFO: Admin navigated to: Book Room
Apr 07, 2025 1:08:54 PM com.seneca.apd.finalproject.hotelreservation.Controller.DashboardController switchScreen
INFO: Admin navigated to: Book Room
Apr 07, 2025 1:09:45 PM com.seneca.apd.finalproject.hotelreservation.Controller.DashboardController switchScreen
INFO: Admin navigated to: Book Room
Apr 07, 2025 1:10:24 PM com.seneca.apd.finalproject.hotelreservation.Controller.DashboardController switchScreen
INFO: Admin navigated to: Book Room
Apr 07, 2025 1:21:33 PM com.seneca.apd.finalproject.hotelreservation.Controller.DashboardController switchScreen
INFO: Admin navigated to: Book Room
Apr 07, 2025 1:23:37 PM com.seneca.apd.finalproject.hotelreservation.Controller.DashboardController switchScreen
INFO: Admin navigated to: Book Room
Apr 07, 2025 1:24:28 PM com.seneca.apd.finalproject.hotelreservation.Controller.DashboardController switchScreen
INFO: Admin navigated to: Book Room
Apr 07, 2025 1:46:17 PM com.seneca.apd.finalproject.hotelreservation.Controller.DashboardController switchScreen
INFO: Admin navigated to: Book Room
Apr 07, 2025 1:49:53 PM com.seneca.apd.finalproject.hotelreservation.Controller.DashboardController switchScreen
INFO: Admin navigated to: Book Room
Apr 07, 2025 2:01:50 PM com.seneca.apd.finalproject.hotelreservation.Controller.DashboardController switchScreen
INFO: Admin navigated to: Book Room
Apr 07, 2025 2:02:59 PM com.seneca.apd.finalproject.hotelreservation.Controller.DashboardController switchScreen
INFO: Admin navigated to: Book Room
Apr 07, 2025 2:09:01 PM com.seneca.apd.finalproject.hotelreservation.Controller.DashboardController switchScreen
INFO: Admin navigated to: Book Room
Apr 07, 2025 2:12:37 PM com.seneca.apd.finalproject.hotelreservation.Controller.DashboardController switchScreen
INFO: Admin navigated to: Book Room
Apr 07, 2025 2:27:18 PM com.seneca.apd.finalproject.hotelreservation.Controller.DashboardController switchScreen
INFO: Admin navigated to: Book Room
Apr 07, 2025 2:32:18 PM com.seneca.apd.finalproject.hotelreservation.Controller.DashboardController switchScreen
INFO: Admin navigated to: Book Room
Apr 07, 2025 2:36:34 PM com.seneca.apd.finalproject.hotelreservation.Controller.DashboardController switchScreen
INFO: Admin navigated to: Book Room
Apr 07, 2025 2:38:12 PM com.seneca.apd.finalproject.hotelreservation.Controller.DashboardController switchScreen
INFO: Admin navigated to: Book Room
Apr 07, 2025 5:12:34 PM com.seneca.apd.finalproject.hotelreservation.Controller.DashboardController switchScreen
INFO: Admin navigated to: Book Room
Apr 08, 2025 1:46:40 PM com.seneca.apd.finalproject.hotelreservation.Controller.DashboardController switchScreen
INFO: Admin navigated to: Book Room
Apr 08, 2025 1:55:23 PM com.seneca.apd.finalproject.hotelreservation.Controller.DashboardController switchScreen
INFO: Admin navigated to: Book Room
Apr 08, 2025 1:55:26 PM com.seneca.apd.finalproject.hotelreservation.Controller.DashboardController switchScreen
INFO: Admin navigated to: Book Room
Apr 08, 2025 2:07:03 PM com.seneca.apd.finalproject.hotelreservation.Controller.DashboardController switchScreen
INFO: Admin navigated to: Book Room
Apr 08, 2025 2:09:07 PM com.seneca.apd.finalproject.hotelreservation.Controller.DashboardController switchScreen
INFO: Admin navigated to: Book Room
Apr 08, 2025 2:51:33 PM com.seneca.apd.finalproject.hotelreservation.Controller.DashboardController switchScreen
INFO: Admin navigated to: Book Room
Apr 08, 2025 2:58:22 PM com.seneca.apd.finalproject.hotelreservation.Controller.DashboardController switchScreen
INFO: Admin navigated to: Check Out Guest
Apr 08, 2025 2:58:41 PM com.seneca.apd.finalproject.hotelreservation.Controller.DashboardController switchScreen
INFO: Admin navigated to: Book Room
Apr 08, 2025 2:58:49 PM com.seneca.apd.finalproject.hotelreservation.Controller.DashboardController switchScreen
INFO: Admin navigated to: Book Room
Apr 08, 2025 3:03:43 PM com.seneca.apd.finalproject.hotelreservation.Controller.DashboardController switchScreen
INFO: Admin navigated to: Book Room
Apr 08, 2025 3:04:02 PM com.seneca.apd.finalproject.hotelreservation.Controller.DashboardController switchScreen
INFO: Admin navigated to: Login Page
Apr 08, 2025 3:09:27 PM com.seneca.apd.finalproject.hotelreservation.Controller.DashboardController switchScreen
INFO: Admin navigated to: Book Room
Apr 08, 2025 3:09:51 PM com.seneca.apd.finalproject.hotelreservation.Controller.DashboardController switchScreen
INFO: Admin navigated to: Login Page
Apr 08, 2025 3:18:48 PM com.seneca.apd.finalproject.hotelreservation.Controller.DashboardController switchScreen
INFO: Admin navigated to: Search Guest
Apr 08, 2025 3:19:47 PM com.seneca.apd.finalproject.hotelreservation.Controller.DashboardController switchScreen
INFO: Admin navigated to: Search Guest
Apr 08, 2025 3:30:20 PM com.seneca.apd.finalproject.hotelreservation.Controller.DashboardController switchScreen
INFO: Admin navigated to: Check Out Guest
Apr 08, 2025 3:32:22 PM com.seneca.apd.finalproject.hotelreservation.Controller.DashboardController switchScreen
INFO: Admin navigated to: Check Out Guest
Apr 08, 2025 3:32:49 PM com.seneca.apd.finalproject.hotelreservation.Controller.DashboardController switchScreen
INFO: Admin navigated to: Cancel Booking
Apr 08, 2025 3:33:24 PM com.seneca.apd.finalproject.hotelreservation.Controller.DashboardController switchScreen
INFO: Admin navigated to: Available Rooms
Apr 08, 2025 3:33:47 PM com.seneca.apd.finalproject.hotelreservation.Controller.DashboardController switchScreen
INFO: Admin navigated to: Check Out Guest
Apr 08, 2025 4:05:43 PM com.seneca.apd.finalproject.hotelreservation.Controller.DashboardController switchScreen
INFO: Admin navigated to: Cancel Booking
Apr 08, 2025 4:45:50 PM com.seneca.apd.finalproject.hotelreservation.Controller.DashboardController switchScreen
INFO: Admin navigated to: Search Guest
Apr 08, 2025 4:46:19 PM com.seneca.apd.finalproject.hotelreservation.Controller.DashboardController switchScreen
INFO: Admin navigated to: Check Out Guest
Apr 08, 2025 4:47:32 PM com.seneca.apd.finalproject.hotelreservation.Controller.DashboardController switchScreen
INFO: Admin navigated to: Available Rooms
Apr 08, 2025 5:14:02 PM com.seneca.apd.finalproject.hotelreservation.Controller.DashboardController switchScreen
INFO: Admin navigated to: Check Out Guest
Apr 08, 2025 5:14:08 PM com.seneca.apd.finalproject.hotelreservation.Controller.DashboardController switchScreen
INFO: Admin navigated to: Cancel Booking
Apr 08, 2025 5:17:38 PM com.seneca.apd.finalproject.hotelreservation.Controller.DashboardController switchScreen
INFO: Admin navigated to: Book Room
Apr 08, 2025 5:23:45 PM com.seneca.apd.finalproject.hotelreservation.Controller.DashboardController switchScreen
INFO: Admin navigated to: Search Guest
Apr 08, 2025 5:29:17 PM com.seneca.apd.finalproject.hotelreservation.Controller.DashboardController switchScreen
INFO: Admin navigated to: Book Room
Apr 08, 2025 5:30:08 PM com.seneca.apd.finalproject.hotelreservation.Controller.DashboardController switchScreen
INFO: Admin navigated to: Check Out Guest
Apr 08, 2025 5:35:45 PM com.seneca.apd.finalproject.hotelreservation.Controller.DashboardController switchScreen
INFO: Admin navigated to: Search Guest
Apr 08, 2025 5:35:47 PM com.seneca.apd.finalproject.hotelreservation.Controller.DashboardController switchScreen
INFO: Admin navigated to: Book Room
Apr 08, 2025 5:38:41 PM com.seneca.apd.finalproject.hotelreservation.Controller.DashboardController switchScreen
INFO: Admin navigated to: Check Out Guest
Apr 08, 2025 5:41:59 PM com.seneca.apd.finalproject.hotelreservation.Controller.DashboardController switchScreen
INFO: Admin navigated to: Check Out Guest
Apr 08, 2025 5:42:40 PM com.seneca.apd.finalproject.hotelreservation.Controller.DashboardController switchScreen
INFO: Admin navigated to: Available Rooms
Apr 08, 2025 5:45:11 PM com.seneca.apd.finalproject.hotelreservation.Controller.DashboardController switchScreen
INFO: Admin navigated to: Search Guest
Apr 08, 2025 5:55:06 PM com.seneca.apd.finalproject.hotelreservation.Controller.DashboardController switchScreen
INFO: Admin navigated to: Check Out Guest
Apr 08, 2025 5:56:00 PM com.seneca.apd.finalproject.hotelreservation.Controller.DashboardController switchScreen
INFO: Admin navigated to: Check Out Guest
Apr 08, 2025 6:05:33 PM com.seneca.apd.finalproject.hotelreservation.Controller.DashboardController switchScreen
INFO: Admin navigated to: Check Out Guest
Apr 08, 2025 6:06:33 PM com.seneca.apd.finalproject.hotelreservation.Controller.DashboardController switchScreen
INFO: Admin navigated to: Check Out Guest
Apr 08, 2025 6:25:34 PM com.seneca.apd.finalproject.hotelreservation.Controller.DashboardController switchScreen
INFO: Admin navigated to: Check Out Guest
Apr 08, 2025 6:25:38 PM com.seneca.apd.finalproject.hotelreservation.Controller.DashboardController switchScreen
INFO: Admin navigated to: Book Room
Apr 08, 2025 6:26:09 PM com.seneca.apd.finalproject.hotelreservation.Controller.DashboardController switchScreen
INFO: Admin navigated to: Check Out Guest
Apr 08, 2025 6:26:44 PM com.seneca.apd.finalproject.hotelreservation.Controller.DashboardController switchScreen
INFO: Admin navigated to: Check Out Guest
Apr 08, 2025 6:39:12 PM com.seneca.apd.finalproject.hotelreservation.Controller.DashboardController switchScreen
INFO: Admin navigated to: Check Out Guest
Apr 08, 2025 6:41:49 PM com.seneca.apd.finalproject.hotelreservation.Controller.DashboardController switchScreen
INFO: Admin navigated to: Check Out Guest
Apr 08, 2025 6:44:41 PM com.seneca.apd.finalproject.hotelreservation.Controller.DashboardController switchScreen
INFO: Admin navigated to: Check Out Guest
Apr 08, 2025 6:45:56 PM com.seneca.apd.finalproject.hotelreservation.Controller.DashboardController switchScreen
INFO: Admin navigated to: Search Guest
Apr 08, 2025 6:46:03 PM com.seneca.apd.finalproject.hotelreservation.Controller.DashboardController switchScreen
INFO: Admin navigated to: Book Room
Apr 08, 2025 6:46:36 PM com.seneca.apd.finalproject.hotelreservation.Controller.DashboardController switchScreen
INFO: Admin navigated to: Search Guest
Apr 08, 2025 6:55:28 PM com.seneca.apd.finalproject.hotelreservation.Controller.DashboardController switchScreen
INFO: Admin navigated to: Check Out Guest
Apr 08, 2025 6:57:25 PM com.seneca.apd.finalproject.hotelreservation.Controller.DashboardController switchScreen
INFO: Admin navigated to: Check Out Guest
Apr 08, 2025 7:02:27 PM com.seneca.apd.finalproject.hotelreservation.Controller.DashboardController switchScreen
INFO: Admin navigated to: Check Out Guest
Apr 08, 2025 7:03:51 PM com.seneca.apd.finalproject.hotelreservation.Controller.DashboardController switchScreen
INFO: Admin navigated to: Update Booking
Apr 08, 2025 7:04:08 PM com.seneca.apd.finalproject.hotelreservation.Controller.DashboardController switchScreen
INFO: Admin navigated to: Check Out Guest
Apr 08, 2025 7:05:17 PM com.seneca.apd.finalproject.hotelreservation.Controller.DashboardController switchScreen
INFO: Admin navigated to: Check Out Guest
Apr 08, 2025 7:18:03 PM com.seneca.apd.finalproject.hotelreservation.Controller.DashboardController switchScreen
INFO: Admin navigated to: Search Guest
Apr 08, 2025 7:18:33 PM com.seneca.apd.finalproject.hotelreservation.Controller.DashboardController switchScreen
INFO: Admin navigated to: Search Guest
Apr 08, 2025 7:19:02 PM com.seneca.apd.finalproject.hotelreservation.Controller.DashboardController switchScreen
INFO: Admin navigated to: Search Guest
Apr 08, 2025 7:26:20 PM com.seneca.apd.finalproject.hotelreservation.Controller.DashboardController switchScreen
INFO: Admin navigated to: Check Out Guest
Apr 08, 2025 7:26:42 PM com.seneca.apd.finalproject.hotelreservation.Controller.DashboardController switchScreen
INFO: Admin navigated to: Search Guest
Apr 08, 2025 7:32:18 PM com.seneca.apd.finalproject.hotelreservation.Controller.DashboardController switchScreen
INFO: Admin navigated to: Check Out Guest
Apr 08, 2025 7:32:49 PM com.seneca.apd.finalproject.hotelreservation.Controller.DashboardController switchScreen
INFO: Admin navigated to: Check Out Guest
Apr 08, 2025 7:33:00 PM com.seneca.apd.finalproject.hotelreservation.Controller.DashboardController switchScreen
INFO: Admin navigated to: Cancel Booking
Apr 08, 2025 7:33:16 PM com.seneca.apd.finalproject.hotelreservation.Controller.DashboardController switchScreen
INFO: Admin navigated to: Check Out Guest
Apr 08, 2025 7:33:22 PM com.seneca.apd.finalproject.hotelreservation.Controller.DashboardController switchScreen
INFO: Admin navigated to: Check Out Guest
Apr 08, 2025 7:33:26 PM com.seneca.apd.finalproject.hotelreservation.Controller.DashboardController switchScreen
INFO: Admin navigated to: Check Out Guest
Apr 08, 2025 7:33:31 PM com.seneca.apd.finalproject.hotelreservation.Controller.DashboardController switchScreen
INFO: Admin navigated to: Check Out Guest
Apr 08, 2025 7:33:37 PM com.seneca.apd.finalproject.hotelreservation.Controller.DashboardController switchScreen
INFO: Admin navigated to: Book Room
Apr 08, 2025 7:36:03 PM com.seneca.apd.finalproject.hotelreservation.Controller.DashboardController switchScreen
INFO: Admin navigated to: Book Room
Apr 08, 2025 7:36:33 PM com.seneca.apd.finalproject.hotelreservation.Controller.DashboardController switchScreen
INFO: Admin navigated to: Search Guest
Apr 08, 2025 7:37:18 PM com.seneca.apd.finalproject.hotelreservation.Controller.DashboardController switchScreen
INFO: Admin navigated to: Check Out Guest
Apr 08, 2025 7:37:27 PM com.seneca.apd.finalproject.hotelreservation.Controller.DashboardController switchScreen
INFO: Admin navigated to: Book Room
Apr 08, 2025 7:37:48 PM com.seneca.apd.finalproject.hotelreservation.Controller.DashboardController switchScreen
INFO: Admin navigated to: Check Out Guest
Apr 08, 2025 7:38:09 PM com.seneca.apd.finalproject.hotelreservation.Controller.DashboardController switchScreen
INFO: Admin navigated to: Check Out Guest
Apr 08, 2025 8:07:24 PM com.seneca.apd.finalproject.hotelreservation.Controller.DashboardController switchScreen
INFO: Admin navigated to: Check Out Guest
Apr 08, 2025 8:09:04 PM com.seneca.apd.finalproject.hotelreservation.Controller.DashboardController switchScreen
INFO: Admin navigated to: Check Out Guest
Apr 08, 2025 8:09:29 PM com.seneca.apd.finalproject.hotelreservation.Controller.DashboardController switchScreen
INFO: Admin navigated to: Check Out Guest
Apr 08, 2025 8:10:06 PM com.seneca.apd.finalproject.hotelreservation.Controller.DashboardController switchScreen
INFO: Admin navigated to: Book Room
Apr 08, 2025 8:11:39 PM com.seneca.apd.finalproject.hotelreservation.Controller.DashboardController switchScreen
INFO: Admin navigated to: Available Rooms
Apr 08, 2025 8:12:21 PM com.seneca.apd.finalproject.hotelreservation.Controller.DashboardController switchScreen
INFO: Admin navigated to: Available Rooms
Apr 08, 2025 8:12:24 PM com.seneca.apd.finalproject.hotelreservation.Controller.DashboardController switchScreen
INFO: Admin navigated to: Book Room
Apr 08, 2025 8:13:06 PM com.seneca.apd.finalproject.hotelreservation.Controller.DashboardController switchScreen
INFO: Admin navigated to: Check Out Guest
Apr 08, 2025 8:15:01 PM com.seneca.apd.finalproject.hotelreservation.Controller.DashboardController switchScreen
INFO: Admin navigated to: Book Room
Apr 08, 2025 8:15:32 PM com.seneca.apd.finalproject.hotelreservation.Controller.DashboardController switchScreen
INFO: Admin navigated to: Book Room
Apr 08, 2025 8:16:08 PM com.seneca.apd.finalproject.hotelreservation.Controller.DashboardController switchScreen
INFO: Admin navigated to: Book Room
Apr 08, 2025 8:19:01 PM com.seneca.apd.finalproject.hotelreservation.Controller.DashboardController switchScreen
INFO: Admin navigated to: Book Room
Apr 08, 2025 8:24:34 PM com.seneca.apd.finalproject.hotelreservation.Controller.DashboardController switchScreen
INFO: Admin navigated to: Book Room
Apr 08, 2025 9:13:06 PM com.seneca.apd.finalproject.hotelreservation.Controller.DashboardController switchScreen
INFO: Admin navigated to: Book Room
Apr 08, 2025 9:17:13 PM com.seneca.apd.finalproject.hotelreservation.Controller.DashboardController switchScreen
INFO: Admin navigated to: Check Out Guest
Apr 08, 2025 9:28:46 PM com.seneca.apd.finalproject.hotelreservation.Controller.DashboardController switchScreen
INFO: Admin navigated to: Book Room
Apr 08, 2025 9:29:17 PM com.seneca.apd.finalproject.hotelreservation.Controller.DashboardController switchScreen
INFO: Admin navigated to: Search Guest
Apr 08, 2025 9:29:51 PM com.seneca.apd.finalproject.hotelreservation.Controller.DashboardController switchScreen
INFO: Admin navigated to: Check Out Guest
Apr 08, 2025 9:30:18 PM com.seneca.apd.finalproject.hotelreservation.Controller.DashboardController switchScreen
INFO: Admin navigated to: Search Guest
Apr 08, 2025 9:30:27 PM com.seneca.apd.finalproject.hotelreservation.Controller.DashboardController switchScreen
INFO: Admin navigated to: Update Booking
Apr 08, 2025 9:35:19 PM com.seneca.apd.finalproject.hotelreservation.Controller.DashboardController switchScreen
INFO: Admin navigated to: Update Booking
Apr 08, 2025 9:35:49 PM com.seneca.apd.finalproject.hotelreservation.Controller.DashboardController switchScreen
INFO: Admin navigated to: Update Booking
Apr 08, 2025 9:36:07 PM com.seneca.apd.finalproject.hotelreservation.Controller.DashboardController switchScreen
INFO: Admin navigated to: Update Booking
Apr 08, 2025 9:36:10 PM com.seneca.apd.finalproject.hotelreservation.Controller.DashboardController switchScreen
INFO: Admin navigated to: Cancel Booking
Apr 08, 2025 9:41:51 PM com.seneca.apd.finalproject.hotelreservation.Controller.DashboardController switchScreen
INFO: Admin navigated to: Book Room
Apr 08, 2025 9:46:02 PM com.seneca.apd.finalproject.hotelreservation.Controller.DashboardController switchScreen
INFO: Admin navigated to: Search Guest
Apr 08, 2025 9:46:11 PM com.seneca.apd.finalproject.hotelreservation.Controller.DashboardController switchScreen
INFO: Admin navigated to: Check Out Guest
Apr 08, 2025 9:46:56 PM com.seneca.apd.finalproject.hotelreservation.Controller.DashboardController switchScreen
INFO: Admin navigated to: Update Booking
Apr 08, 2025 9:47:28 PM com.seneca.apd.finalproject.hotelreservation.Controller.DashboardController switchScreen
INFO: Admin navigated to: Update Booking
Apr 08, 2025 9:47:59 PM com.seneca.apd.finalproject.hotelreservation.Controller.DashboardController switchScreen
INFO: Admin navigated to: Cancel Booking
Apr 08, 2025 9:48:09 PM com.seneca.apd.finalproject.hotelreservation.Controller.DashboardController switchScreen
INFO: Admin navigated to: Cancel Booking
Apr 08, 2025 9:48:29 PM com.seneca.apd.finalproject.hotelreservation.Controller.DashboardController switchScreen
INFO: Admin navigated to: Cancel Booking
Apr 08, 2025 9:48:32 PM com.seneca.apd.finalproject.hotelreservation.Controller.DashboardController switchScreen
INFO: Admin navigated to: Update Booking
Apr 08, 2025 9:49:28 PM com.seneca.apd.finalproject.hotelreservation.Controller.DashboardController switchScreen
INFO: Admin navigated to: Cancel Booking
Apr 08, 2025 9:50:11 PM com.seneca.apd.finalproject.hotelreservation.Controller.DashboardController switchScreen
INFO: Admin navigated to: Update Booking
Apr 08, 2025 9:50:48 PM com.seneca.apd.finalproject.hotelreservation.Controller.DashboardController switchScreen
INFO: Admin navigated to: Check Out Guest
Apr 08, 2025 9:51:47 PM com.seneca.apd.finalproject.hotelreservation.Controller.DashboardController switchScreen
INFO: Admin navigated to: Check Out Guest
Apr 08, 2025 9:51:50 PM com.seneca.apd.finalproject.hotelreservation.Controller.DashboardController switchScreen
INFO: Admin navigated to: Cancel Booking
Apr 08, 2025 9:52:04 PM com.seneca.apd.finalproject.hotelreservation.Controller.DashboardController switchScreen
INFO: Admin navigated to: Book Room
Apr 08, 2025 9:52:08 PM com.seneca.apd.finalproject.hotelreservation.Controller.DashboardController switchScreen
INFO: Admin navigated to: Login Page
Apr 08, 2025 9:59:41 PM com.seneca.apd.finalproject.hotelreservation.Controller.DashboardController switchScreen
INFO: Admin navigated to: Book Room
Apr 08, 2025 10:02:33 PM com.seneca.apd.finalproject.hotelreservation.Controller.DashboardController switchScreen
INFO: Admin navigated to: Book Room
Apr 08, 2025 10:04:33 PM com.seneca.apd.finalproject.hotelreservation.Controller.DashboardController switchScreen
INFO: Admin navigated to: Book Room
Apr 08, 2025 10:04:48 PM com.seneca.apd.finalproject.hotelreservation.Controller.DashboardController switchScreen
INFO: Admin navigated to: Book Room
Apr 08, 2025 10:08:19 PM com.seneca.apd.finalproject.hotelreservation.Controller.DashboardController switchScreen
INFO: Admin navigated to: Book Room
Apr 08, 2025 10:10:03 PM com.seneca.apd.finalproject.hotelreservation.Controller.DashboardController switchScreen
INFO: Admin navigated to: Search Guest
Apr 08, 2025 10:11:59 PM com.seneca.apd.finalproject.hotelreservation.Controller.DashboardController switchScreen
INFO: Admin navigated to: Update Booking
Apr 08, 2025 10:15:59 PM com.seneca.apd.finalproject.hotelreservation.Controller.DashboardController switchScreen
INFO: Admin navigated to: Check Out Guest
Apr 08, 2025 10:20:28 PM com.seneca.apd.finalproject.hotelreservation.Controller.DashboardController switchScreen
INFO: Admin navigated to: Search Guest
Apr 08, 2025 10:21:22 PM com.seneca.apd.finalproject.hotelreservation.Controller.DashboardController switchScreen
INFO: Admin navigated to: Cancel Booking
Apr 09, 2025 6:53:16 PM com.seneca.apd.finalproject.hotelreservation.Controller.DashboardController switchScreen
INFO: Admin navigated to: Book Room
Apr 09, 2025 6:54:41 PM com.seneca.apd.finalproject.hotelreservation.Controller.DashboardController switchScreen
INFO: Admin navigated to: Book Room
Apr 09, 2025 6:54:46 PM com.seneca.apd.finalproject.hotelreservation.Controller.DashboardController switchScreen
INFO: Admin navigated to: Check Out Guest
Apr 09, 2025 6:55:10 PM com.seneca.apd.finalproject.hotelreservation.Controller.DashboardController switchScreen
INFO: Admin navigated to: Book Room
Apr 09, 2025 6:55:16 PM com.seneca.apd.finalproject.hotelreservation.Controller.DashboardController switchScreen
INFO: Admin navigated to: Check Out Guest
Apr 09, 2025 6:57:02 PM com.seneca.apd.finalproject.hotelreservation.Controller.DashboardController switchScreen
INFO: Admin navigated to: Available Rooms
Apr 09, 2025 6:57:13 PM com.seneca.apd.finalproject.hotelreservation.Controller.DashboardController switchScreen
INFO: Admin navigated to: Available Rooms
Apr 09, 2025 6:57:19 PM com.seneca.apd.finalproject.hotelreservation.Controller.DashboardController switchScreen
INFO: Admin navigated to: Available Rooms
Apr 09, 2025 6:57:42 PM com.seneca.apd.finalproject.hotelreservation.Controller.DashboardController switchScreen
INFO: Admin navigated to: Check Out Guest
Apr 09, 2025 7:04:54 PM com.seneca.apd.finalproject.hotelreservation.Controller.DashboardController switchScreen
INFO: Admin navigated to: Check Out Guest
Apr 09, 2025 7:04:57 PM com.seneca.apd.finalproject.hotelreservation.Controller.DashboardController switchScreen
INFO: Admin navigated to: Check Out Guest
Apr 09, 2025 7:06:08 PM com.seneca.apd.finalproject.hotelreservation.Controller.DashboardController switchScreen
INFO: Admin navigated to: Check Out Guest
Apr 09, 2025 7:06:52 PM com.seneca.apd.finalproject.hotelreservation.Controller.DashboardController switchScreen
INFO: Admin navigated to: Check Out Guest
Apr 09, 2025 7:06:58 PM com.seneca.apd.finalproject.hotelreservation.Controller.DashboardController switchScreen
INFO: Admin navigated to: Check Out Guest
Apr 09, 2025 7:11:06 PM com.seneca.apd.finalproject.hotelreservation.Controller.DashboardController switchScreen
INFO: Admin navigated to: Check Out Guest
Apr 09, 2025 7:11:09 PM com.seneca.apd.finalproject.hotelreservation.Controller.DashboardController switchScreen
INFO: Admin navigated to: Book Room
Apr 09, 2025 7:11:13 PM com.seneca.apd.finalproject.hotelreservation.Controller.DashboardController switchScreen
INFO: Admin navigated to: Available Rooms
Apr 09, 2025 7:11:24 PM com.seneca.apd.finalproject.hotelreservation.Controller.DashboardController switchScreen
INFO: Admin navigated to: Available Rooms
Apr 09, 2025 7:11:38 PM com.seneca.apd.finalproject.hotelreservation.Controller.DashboardController switchScreen
INFO: Admin navigated to: Available Rooms
Apr 09, 2025 7:18:55 PM com.seneca.apd.finalproject.hotelreservation.Controller.DashboardController switchScreen
INFO: Admin navigated to: Available Rooms
Apr 09, 2025 7:20:52 PM com.seneca.apd.finalproject.hotelreservation.Controller.DashboardController switchScreen
INFO: Admin navigated to: Book Room
Apr 09, 2025 7:21:34 PM com.seneca.apd.finalproject.hotelreservation.Controller.DashboardController switchScreen
INFO: Admin navigated to: Available Rooms
Apr 09, 2025 7:22:50 PM com.seneca.apd.finalproject.hotelreservation.Controller.DashboardController switchScreen
INFO: Admin navigated to: Book Room
Apr 09, 2025 7:23:18 PM com.seneca.apd.finalproject.hotelreservation.Controller.DashboardController switchScreen
INFO: Admin navigated to: Login Page
Apr 09, 2025 7:29:55 PM com.seneca.apd.finalproject.hotelreservation.Controller.DashboardController switchScreen
INFO: Admin navigated to: Available Rooms
Apr 09, 2025 7:30:15 PM com.seneca.apd.finalproject.hotelreservation.Controller.DashboardController switchScreen
INFO: Admin navigated to: Update Booking
Apr 09, 2025 7:30:20 PM com.seneca.apd.finalproject.hotelreservation.Controller.DashboardController switchScreen
INFO: Admin navigated to: Cancel Booking
Apr 09, 2025 7:30:22 PM com.seneca.apd.finalproject.hotelreservation.Controller.DashboardController switchScreen
INFO: Admin navigated to: Check Out Guest
Apr 09, 2025 7:31:03 PM com.seneca.apd.finalproject.hotelreservation.Controller.DashboardController switchScreen
INFO: Admin navigated to: Login Page
Apr 09, 2025 9:49:51 PM com.seneca.apd.finalproject.hotelreservation.Controller.DashboardController switchScreen
INFO: Admin navigated to: Available Rooms
Apr 09, 2025 9:49:57 PM com.seneca.apd.finalproject.hotelreservation.Controller.DashboardController switchScreen
INFO: Admin navigated to: Search Guest
Apr 09, 2025 9:49:59 PM com.seneca.apd.finalproject.hotelreservation.Controller.DashboardController switchScreen
INFO: Admin navigated to: Update Booking
Apr 09, 2025 9:50:01 PM com.seneca.apd.finalproject.hotelreservation.Controller.DashboardController switchScreen
INFO: Admin navigated to: Check Out Guest
Apr 14, 2025 10:30:17 AM com.seneca.apd.finalproject.hotelreservation.Controller.DashboardController switchScreen
INFO: Admin navigated to: Login Page
Apr 14, 2025 10:30:31 AM com.seneca.apd.finalproject.hotelreservation.Controller.DashboardController switchScreen
INFO: Admin navigated to: Login Page
Apr 14, 2025 10:34:13 AM com.seneca.apd.finalproject.hotelreservation.Controller.DashboardController switchScreen
INFO: Admin navigated to: Search Guest
Apr 14, 2025 10:34:16 AM com.seneca.apd.finalproject.hotelreservation.Controller.DashboardController switchScreen
INFO: Admin navigated to: Update Booking
Apr 14, 2025 10:34:20 AM com.seneca.apd.finalproject.hotelreservation.Controller.DashboardController switchScreen
INFO: Admin navigated to: Login Page
Apr 14, 2025 10:39:16 AM com.seneca.apd.finalproject.hotelreservation.Controller.DashboardController switchScreen
INFO: Admin navigated to: Search Guest
Apr 14, 2025 10:39:33 AM com.seneca.apd.finalproject.hotelreservation.Controller.DashboardController switchScreen
INFO: Admin navigated to: Search Guest
Apr 14, 2025 10:40:19 AM com.seneca.apd.finalproject.hotelreservation.Controller.DashboardController switchScreen
INFO: Admin navigated to: Search Guest
Apr 14, 2025 10:40:32 AM com.seneca.apd.finalproject.hotelreservation.Controller.DashboardController switchScreen
INFO: Admin navigated to: Book Room
Apr 14, 2025 10:41:20 AM com.seneca.apd.finalproject.hotelreservation.Controller.DashboardController switchScreen
INFO: Admin navigated to: Available Rooms
Apr 14, 2025 10:41:43 AM com.seneca.apd.finalproject.hotelreservation.Controller.DashboardController switchScreen
INFO: Admin navigated to: Update Booking
Apr 14, 2025 10:41:57 AM com.seneca.apd.finalproject.hotelreservation.Controller.DashboardController switchScreen
INFO: Admin navigated to: Search Guest
Apr 14, 2025 10:42:10 AM com.seneca.apd.finalproject.hotelreservation.Controller.DashboardController switchScreen
INFO: Admin navigated to: Update Booking
Apr 14, 2025 10:43:05 AM com.seneca.apd.finalproject.hotelreservation.Controller.DashboardController switchScreen
INFO: Admin navigated to: Update Booking
Apr 14, 2025 10:46:58 AM com.seneca.apd.finalproject.hotelreservation.Controller.DashboardController switchScreen
INFO: Admin navigated to: Check Out Guest
Apr 14, 2025 10:47:01 AM com.seneca.apd.finalproject.hotelreservation.Controller.DashboardController switchScreen
INFO: Admin navigated to: Update Booking
Apr 14, 2025 10:47:17 AM com.seneca.apd.finalproject.hotelreservation.Controller.DashboardController switchScreen
INFO: Admin navigated to: Search Guest
Apr 14, 2025 10:53:40 AM com.seneca.apd.finalproject.hotelreservation.Controller.DashboardController switchScreen
INFO: Admin navigated to: Update Booking
Apr 14, 2025 10:56:40 AM com.seneca.apd.finalproject.hotelreservation.Controller.DashboardController switchScreen
INFO: Admin navigated to: Update Booking
Apr 14, 2025 10:56:50 AM com.seneca.apd.finalproject.hotelreservation.Controller.DashboardController switchScreen
INFO: Admin navigated to: Update Booking
Apr 14, 2025 10:57:10 AM com.seneca.apd.finalproject.hotelreservation.Controller.DashboardController switchScreen
INFO: Admin navigated to: Update Booking
Apr 14, 2025 12:35:24 PM com.seneca.apd.finalproject.hotelreservation.Controller.DashboardController switchScreen
INFO: Admin navigated to: Search Guest
Apr 14, 2025 12:35:42 PM com.seneca.apd.finalproject.hotelreservation.Controller.DashboardController switchScreen
INFO: Admin navigated to: Check Out Guest
Apr 14, 2025 12:37:25 PM com.seneca.apd.finalproject.hotelreservation.Controller.DashboardController switchScreen
INFO: Admin navigated to: Search Guest
Apr 14, 2025 12:37:33 PM com.seneca.apd.finalproject.hotelreservation.Controller.DashboardController switchScreen
INFO: Admin navigated to: Cancel Booking
Apr 14, 2025 12:37:49 PM com.seneca.apd.finalproject.hotelreservation.Controller.DashboardController switchScreen
INFO: Admin navigated to: Search Guest
Apr 14, 2025 12:38:28 PM com.seneca.apd.finalproject.hotelreservation.Controller.DashboardController switchScreen
INFO: Admin navigated to: Available Rooms
Apr 17, 2025 12:03:26 PM com.seneca.apd.finalproject.hotelreservation.Controller.DashboardController switchScreen
INFO: Admin navigated to: Available Rooms
